<?xml version="1.0" encoding="UTF-8"?>
<testng-results skipped="0" failed="0" ignored="0" total="1" passed="1">
  <reporter-output>
  </reporter-output>
  <suite name="Default suite" duration-ms="30599" started-at="2021-10-06T17:05:36 IST" finished-at="2021-10-06T17:06:07 IST">
    <groups>
    </groups>
    <test name="Default test" duration-ms="30599" started-at="2021-10-06T17:05:36 IST" finished-at="2021-10-06T17:06:07 IST">
      <class name="com.Vippon.Potentials.PotentialsTest">
        <test-method status="PASS" signature="openBrowser()[pri:0, instance:com.Vippon.Potentials.PotentialsTest@2f8f5f62]" name="openBrowser" is-config="true" duration-ms="6800" started-at="2021-10-06T17:05:37 IST" finished-at="2021-10-06T17:05:44 IST">
          <reporter-output>
          </reporter-output>
        </test-method> <!-- openBrowser -->
        <test-method status="PASS" signature="main()[pri:0, instance:com.Vippon.Potentials.PotentialsTest@2f8f5f62]" name="main" duration-ms="22398" started-at="2021-10-06T17:05:44 IST" finished-at="2021-10-06T17:06:06 IST">
          <reporter-output>
          </reporter-output>
        </test-method> <!-- main -->
        <test-method status="PASS" signature="closedBrowser()[pri:0, instance:com.Vippon.Potentials.PotentialsTest@2f8f5f62]" name="closedBrowser" is-config="true" duration-ms="882" started-at="2021-10-06T17:06:06 IST" finished-at="2021-10-06T17:06:07 IST">
          <reporter-output>
          </reporter-output>
        </test-method> <!-- closedBrowser -->
      </class> <!-- com.Vippon.Potentials.PotentialsTest -->
    </test> <!-- Default test -->
  </suite> <!-- Default suite -->
</testng-results>
