<?xml version="1.0" encoding="UTF-8"?>
<testng-results skipped="0" failed="0" ignored="0" total="1" passed="1">
  <reporter-output>
  </reporter-output>
  <suite name="Default suite" duration-ms="281018" started-at="2021-09-14T13:42:15 IST" finished-at="2021-09-14T13:46:56 IST">
    <groups>
    </groups>
    <test name="Default test" duration-ms="281018" started-at="2021-09-14T13:42:15 IST" finished-at="2021-09-14T13:46:56 IST">
      <class name="com.Vippon.Potentials.PotentialsTest">
        <test-method status="PASS" signature="openBrowser()[pri:0, instance:com.Vippon.Potentials.PotentialsTest@543788f3]" name="openBrowser" is-config="true" duration-ms="32018" started-at="2021-09-14T13:42:15 IST" finished-at="2021-09-14T13:42:47 IST">
          <reporter-output>
          </reporter-output>
        </test-method> <!-- openBrowser -->
        <test-method status="PASS" signature="main()[pri:0, instance:com.Vippon.Potentials.PotentialsTest@543788f3]" name="main" duration-ms="248795" started-at="2021-09-14T13:42:47 IST" finished-at="2021-09-14T13:46:56 IST">
          <reporter-output>
          </reporter-output>
        </test-method> <!-- main -->
        <test-method status="PASS" signature="closedBrowser()[pri:0, instance:com.Vippon.Potentials.PotentialsTest@543788f3]" name="closedBrowser" is-config="true" duration-ms="1" started-at="2021-09-14T13:46:56 IST" finished-at="2021-09-14T13:46:56 IST">
          <reporter-output>
          </reporter-output>
        </test-method> <!-- closedBrowser -->
      </class> <!-- com.Vippon.Potentials.PotentialsTest -->
    </test> <!-- Default test -->
  </suite> <!-- Default suite -->
</testng-results>
